2021-12-17 14:52:12,476: 127.0.0.1 - - [17/Dec/2021 14:52:12] "POST /influence HTTP/1.1" 200 -
2021-12-17 14:53:40,994: 127.0.0.1 - - [17/Dec/2021 14:53:40] "POST /influence HTTP/1.1" 200 -
2021-12-17 14:53:42,537: Running on: 2 images per class.
2021-12-17 14:53:42,537: Starting at img number: 0 per class.
2021-12-17 14:54:10,373: 127.0.0.1 - - [17/Dec/2021 14:54:10] "POST /influence HTTP/1.1" 200 -
2021-12-17 14:54:11,851: Running on: 2 images per class.
2021-12-17 14:54:11,852: Starting at img number: 0 per class.
2021-12-17 16:44:49,070: 127.0.0.1 - - [17/Dec/2021 16:44:49] "POST /influence HTTP/1.1" 200 -
2021-12-17 16:49:45,738: 127.0.0.1 - - [17/Dec/2021 16:49:45] "POST /influence HTTP/1.1" 200 -
2021-12-17 16:49:47,913: Running on: 2 images per class.
2021-12-17 16:49:47,915: Starting at img number: 0 per class.
2021-12-22 11:08:57,516: Running on: 2 images per class.
2021-12-22 11:08:57,516: Starting at img number: 0 per class.
2021-12-22 11:13:59,124: Running on: 2 images per class.
2021-12-22 11:13:59,124: Starting at img number: 0 per class.
2021-12-23 00:07:28,246: Running on: 10 images per class.
2021-12-23 00:07:28,246: Starting at img number: 0 per class.
2021-12-23 00:19:00,429: Running on: 1 images per class.
2021-12-23 00:19:00,429: Starting at img number: 0 per class.
2021-12-23 00:22:51,088: 127.0.0.1 - - [23/Dec/2021 00:22:51] "POST /influence HTTP/1.1" 200 -
2021-12-23 00:23:02,117: Running on: 1 images per class.
2021-12-23 00:23:02,117: Starting at img number: 0 per class.
2021-12-23 00:24:07,620: Running on: 1 images per class.
2021-12-23 00:24:07,620: Starting at img number: 0 per class.
2021-12-23 00:30:52,032: Running on: 1 images per class.
2021-12-23 00:30:52,032: Starting at img number: 0 per class.
2021-12-23 00:36:52,561: Running on: 1 images per class.
2021-12-23 00:36:52,561: Starting at img number: 0 per class.
2021-12-23 00:39:09,430: Running on: 1 images per class.
2021-12-23 00:39:09,430: Starting at img number: 0 per class.
2021-12-23 00:40:43,863: Running on: 1 images per class.
2021-12-23 00:40:43,863: Starting at img number: 0 per class.
2021-12-23 00:49:43,678: Running on: 1 images per class.
2021-12-23 00:49:43,678: Starting at img number: 0 per class.
2021-12-23 00:53:30,323: Running on: 1 images per class.
2021-12-23 00:53:30,323: Starting at img number: 0 per class.
2021-12-23 00:54:33,622: The results for this run are:
2021-12-23 00:54:33,623: Influences: 
2021-12-23 00:54:33,623: [tensor(32135.0938), tensor(16263.8232), tensor(18351.9961)]
2021-12-23 00:54:33,629: Most harmful img IDs: 
2021-12-23 00:54:33,629: [14, 15, 8]
2021-12-23 00:54:33,630: Most helpful img IDs: 
2021-12-23 00:54:33,630: [0, 13, 19]
2021-12-23 01:00:47,542: 127.0.0.1 - - [23/Dec/2021 01:00:47] "POST /influence HTTP/1.1" 200 -
2021-12-23 01:00:59,000: Running on: 1 images per class.
2021-12-23 01:00:59,001: Starting at img number: 0 per class.
2021-12-23 01:02:01,832: The results for this run are:
2021-12-23 01:02:01,832: Influences: 
2021-12-23 01:02:01,832: [tensor(128554.4531), tensor(51402.9766), tensor(64096.6836)]
2021-12-23 01:02:01,834: Most harmful img IDs: 
2021-12-23 01:02:01,834: [13, 12, 4]
2021-12-23 01:02:01,834: Most helpful img IDs: 
2021-12-23 01:02:01,834: [0, 19, 18]
2021-12-23 01:03:00,083: Running on: 1 images per class.
2021-12-23 01:03:00,083: Starting at img number: 0 per class.
2021-12-23 01:04:46,736: The results for this run are:
2021-12-23 01:04:46,736: Influences: 
2021-12-23 01:04:46,736: [tensor(31565.6543), tensor(15420.0674), tensor(-12009.2285)]
2021-12-23 01:04:46,737: Most harmful img IDs: 
2021-12-23 01:04:46,737: [2, 3, 16]
2021-12-23 01:04:46,737: Most helpful img IDs: 
2021-12-23 01:04:46,738: [0, 1, 19]
2021-12-23 01:09:10,880: 127.0.0.1 - - [23/Dec/2021 01:09:10] "POST /influence HTTP/1.1" 200 -
2021-12-23 01:09:23,198: Running on: 1 images per class.
2021-12-23 01:09:23,198: Starting at img number: 0 per class.
2021-12-23 01:10:50,538: 127.0.0.1 - - [23/Dec/2021 01:10:50] "POST /influence HTTP/1.1" 200 -
2021-12-23 01:11:02,039: Running on: 1 images per class.
2021-12-23 01:11:02,039: Starting at img number: 0 per class.
2021-12-23 01:12:51,573: The results for this run are:
2021-12-23 01:12:51,573: Influences: 
2021-12-23 01:12:51,573: [tensor(9641.8770), tensor(5699.7217), tensor(1821.1122)]
2021-12-23 01:12:51,575: Most harmful img IDs: 
2021-12-23 01:12:51,575: [16, 9, 17]
2021-12-23 01:12:51,575: Most helpful img IDs: 
2021-12-23 01:12:51,575: [0, 19, 18]
2021-12-23 01:21:50,677: Running on: 1 images per class.
2021-12-23 01:21:50,677: Starting at img number: 0 per class.
2021-12-23 01:22:52,063: The results for this run are:
2021-12-23 01:22:52,063: Influences: 
2021-12-23 01:22:52,063: [tensor(73850.6406), tensor(43536.2617), tensor(19295.4238)]
2021-12-23 01:22:52,064: Most harmful img IDs: 
2021-12-23 01:22:52,064: [11, 10, 16]
2021-12-23 01:22:52,064: Most helpful img IDs: 
2021-12-23 01:22:52,064: [0, 1, 2]
2021-12-23 11:03:37,624: 127.0.0.1 - - [23/Dec/2021 11:03:37] "POST /influence HTTP/1.1" 200 -
2021-12-23 11:03:50,045: Running on: 10 images per class.
2021-12-23 11:03:50,045: Starting at img number: 0 per class.
2021-12-23 11:09:58,807: Running on: 1 images per class.
2021-12-23 11:09:58,807: Starting at img number: 0 per class.
2021-12-23 11:12:29,855: The results for this run are:
2021-12-23 11:12:29,856: Influences: 
2021-12-23 11:12:29,856: [tensor(280735.5625), tensor(112982.4531), tensor(136228.7500)]
2021-12-23 11:12:29,863: Most harmful img IDs: 
2021-12-23 11:12:29,863: [17, 16, 8]
2021-12-23 11:12:29,863: Most helpful img IDs: 
2021-12-23 11:12:29,863: [0, 13, 19]
2021-12-23 12:22:03,145: Running on: 1 images per class.
2021-12-23 12:22:03,146: Starting at img number: 0 per class.
2021-12-23 12:23:11,246: The results for this run are:
2021-12-23 12:23:11,246: Influences: 
2021-12-23 12:23:11,246: [tensor(123573.0156), tensor(51874.9258), tensor(-28259.1094)]
2021-12-23 12:23:11,247: Most harmful img IDs: 
2021-12-23 12:23:11,248: [3, 2, 8]
2021-12-23 12:23:11,248: Most helpful img IDs: 
2021-12-23 12:23:11,248: [0, 19, 18]
2021-12-23 12:25:07,770: 127.0.0.1 - - [23/Dec/2021 12:25:07] "GET /influence/test/0 HTTP/1.1" 200 -
